time="2022-02-22T13:28:02+02:00" level=info msg="bancor ETH/bDIGG 1 eth in 0.43158662079160204 bdigg out"
time="2022-02-22T13:28:02+02:00" level=info msg="Sushiswap ETH/bDIGG 1 eth in 0.430376008451046 bdigg out"
time="2022-02-22T13:28:02+02:00" level=info msg="bDIGG share price 0.18958659215424967"
time="2022-02-22T13:28:02+02:00" level=info msg="Badger 0.43158662079160204 bDIGG in 0.08182303665524827 Digg out "
time="2022-02-22T13:28:02+02:00" level=info msg="Uniswap WBTC/DIGG 0.08182303665524827 digg in 0.07005211634585408  wbtc out"
time="2022-02-22T13:28:02+02:00" level=info msg="Sushiswap WBTC/DIGG 0.08182303665524827 digg in 0.07107631438674739  wbtc out"
time="2022-02-22T13:28:03+02:00" level=info msg="Uniswap ETH/WBTC 0.07107631438674739 wbtc in 1.029801043396045 eth out"
time="2022-02-22T13:28:03+02:00" level=info msg="Sushiswap ETH/WBTC  0.07107631438674739 wbtc in 1.0318759072105825 eth out"
time="2022-02-22T13:28:03+02:00" level=info msg="0.07107631438674739 wbtc in get 1.0318759072105825 eth out"
time="2022-02-22T13:28:03+02:00" level=info msg="results 1 eth in get 1.0318759072105825 eth out"
time="2022-02-22T13:28:03+02:00" level=info msg="found max profit 0.03187590721058253 "
time="2022-02-22T13:28:13+02:00" level=info msg="bancor ETH/bDIGG 1 eth in 0.43158662079160204 bdigg out"
time="2022-02-22T13:28:13+02:00" level=info msg="Sushiswap ETH/bDIGG 1 eth in 0.430376008451046 bdigg out"
time="2022-02-22T13:28:14+02:00" level=info msg="bDIGG share price 0.18958659215424967"
time="2022-02-22T13:28:14+02:00" level=info msg="Badger 0.43158662079160204 bDIGG in 0.08182303665524827 Digg out "
time="2022-02-22T13:28:14+02:00" level=info msg="Uniswap WBTC/DIGG 0.08182303665524827 digg in 0.07005211634585408  wbtc out"
time="2022-02-22T13:28:14+02:00" level=info msg="Sushiswap WBTC/DIGG 0.08182303665524827 digg in 0.07107631438674739  wbtc out"
time="2022-02-22T13:28:14+02:00" level=info msg="Uniswap ETH/WBTC 0.07107631438674739 wbtc in 1.0299701107642334 eth out"
time="2022-02-22T13:28:14+02:00" level=info msg="Sushiswap ETH/WBTC  0.07107631438674739 wbtc in 1.0318759072105825 eth out"
time="2022-02-22T13:28:14+02:00" level=info msg="0.07107631438674739 wbtc in get 1.0318759072105825 eth out"
time="2022-02-22T13:28:14+02:00" level=info msg="results 1 eth in get 1.0318759072105825 eth out"
time="2022-02-22T13:28:26+02:00" level=info msg="bancor ETH/bDIGG 1 eth in 0.43158662079160204 bdigg out"
time="2022-02-22T13:28:26+02:00" level=info msg="Sushiswap ETH/bDIGG 1 eth in 0.430376008451046 bdigg out"
time="2022-02-22T13:28:26+02:00" level=info msg="bDIGG share price 0.18958659215424967"
time="2022-02-22T13:28:26+02:00" level=info msg="Badger 0.43158662079160204 bDIGG in 0.08182303665524827 Digg out "
time="2022-02-22T13:28:27+02:00" level=info msg="Uniswap WBTC/DIGG 0.08182303665524827 digg in 0.07005211634585408  wbtc out"
time="2022-02-22T13:28:27+02:00" level=info msg="Sushiswap WBTC/DIGG 0.08182303665524827 digg in 0.07107631438674739  wbtc out"
time="2022-02-22T13:28:27+02:00" level=info msg="Uniswap ETH/WBTC 0.07107631438674739 wbtc in 1.030153895366535 eth out"
time="2022-02-22T13:28:27+02:00" level=info msg="Sushiswap ETH/WBTC  0.07107631438674739 wbtc in 1.0318759072105825 eth out"
time="2022-02-22T13:28:27+02:00" level=info msg="0.07107631438674739 wbtc in get 1.0318759072105825 eth out"
time="2022-02-22T13:28:27+02:00" level=info msg="results 1 eth in get 1.0318759072105825 eth out"
time="2022-02-22T13:28:38+02:00" level=info msg="bancor ETH/bDIGG 1 eth in 0.43158662079160204 bdigg out"
time="2022-02-22T13:28:38+02:00" level=info msg="Sushiswap ETH/bDIGG 1 eth in 0.430376008451046 bdigg out"
time="2022-02-22T13:28:38+02:00" level=info msg="bDIGG share price 0.18958659215424967"
time="2022-02-22T13:28:38+02:00" level=info msg="Badger 0.43158662079160204 bDIGG in 0.08182303665524827 Digg out "
time="2022-02-22T13:28:39+02:00" level=info msg="Uniswap WBTC/DIGG 0.08182303665524827 digg in 0.07005211634585408  wbtc out"
time="2022-02-22T13:28:39+02:00" level=info msg="Sushiswap WBTC/DIGG 0.08182303665524827 digg in 0.07107631438674739  wbtc out"
time="2022-02-22T13:28:39+02:00" level=info msg="Uniswap ETH/WBTC 0.07107631438674739 wbtc in 1.030153895366535 eth out"
time="2022-02-22T13:28:39+02:00" level=info msg="Sushiswap ETH/WBTC  0.07107631438674739 wbtc in 1.0318759072105825 eth out"
time="2022-02-22T13:28:39+02:00" level=info msg="0.07107631438674739 wbtc in get 1.0318759072105825 eth out"
time="2022-02-22T13:28:39+02:00" level=info msg="results 1 eth in get 1.0318759072105825 eth out"
time="2022-02-22T13:28:50+02:00" level=info msg="bancor ETH/bDIGG 1 eth in 0.43158662079160204 bdigg out"
time="2022-02-22T13:28:50+02:00" level=info msg="Sushiswap ETH/bDIGG 1 eth in 0.430376008451046 bdigg out"
time="2022-02-22T13:28:50+02:00" level=info msg="bDIGG share price 0.18958659215424967"
time="2022-02-22T13:28:50+02:00" level=info msg="Badger 0.43158662079160204 bDIGG in 0.08182303665524827 Digg out "
time="2022-02-22T13:28:50+02:00" level=info msg="Uniswap WBTC/DIGG 0.08182303665524827 digg in 0.07005211634585408  wbtc out"
time="2022-02-22T13:28:50+02:00" level=info msg="Sushiswap WBTC/DIGG 0.08182303665524827 digg in 0.07107631438674739  wbtc out"
time="2022-02-22T13:28:51+02:00" level=info msg="Uniswap ETH/WBTC 0.07107631438674739 wbtc in 1.030153895366535 eth out"
time="2022-02-22T13:28:51+02:00" level=info msg="Sushiswap ETH/WBTC  0.07107631438674739 wbtc in 1.0318759072105825 eth out"
time="2022-02-22T13:28:51+02:00" level=info msg="0.07107631438674739 wbtc in get 1.0318759072105825 eth out"
time="2022-02-22T13:28:51+02:00" level=info msg="results 1 eth in get 1.0318759072105825 eth out"
time="2022-02-22T13:29:01+02:00" level=info msg="bancor ETH/bDIGG 1 eth in 0.43158662079160204 bdigg out"
time="2022-02-22T13:29:01+02:00" level=info msg="Sushiswap ETH/bDIGG 1 eth in 0.430376008451046 bdigg out"
time="2022-02-22T13:29:02+02:00" level=info msg="bDIGG share price 0.18958659215424967"
time="2022-02-22T13:29:02+02:00" level=info msg="Badger 0.43158662079160204 bDIGG in 0.08182303665524827 Digg out "
time="2022-02-22T13:29:02+02:00" level=info msg="Uniswap WBTC/DIGG 0.08182303665524827 digg in 0.07005211634585408  wbtc out"
time="2022-02-22T13:29:02+02:00" level=info msg="Sushiswap WBTC/DIGG 0.08182303665524827 digg in 0.07107631438674739  wbtc out"
time="2022-02-22T13:29:02+02:00" level=info msg="Uniswap ETH/WBTC 0.07107631438674739 wbtc in 1.030153895366535 eth out"
time="2022-02-22T13:29:02+02:00" level=info msg="Sushiswap ETH/WBTC  0.07107631438674739 wbtc in 1.0318759072105825 eth out"
time="2022-02-22T13:29:02+02:00" level=info msg="0.07107631438674739 wbtc in get 1.0318759072105825 eth out"
time="2022-02-22T13:29:02+02:00" level=info msg="results 1 eth in get 1.0318759072105825 eth out"
time="2022-02-22T13:29:13+02:00" level=info msg="bancor ETH/bDIGG 1 eth in 0.43158662079160204 bdigg out"
time="2022-02-22T13:29:13+02:00" level=info msg="Sushiswap ETH/bDIGG 1 eth in 0.430376008451046 bdigg out"
time="2022-02-22T13:29:13+02:00" level=info msg="bDIGG share price 0.18958659215424967"
time="2022-02-22T13:29:13+02:00" level=info msg="Badger 0.43158662079160204 bDIGG in 0.08182303665524827 Digg out "
time="2022-02-22T13:29:14+02:00" level=info msg="Uniswap WBTC/DIGG 0.08182303665524827 digg in 0.07005211634585408  wbtc out"
time="2022-02-22T13:29:14+02:00" level=info msg="Sushiswap WBTC/DIGG 0.08182303665524827 digg in 0.07107631438674739  wbtc out"
time="2022-02-22T13:29:14+02:00" level=info msg="Uniswap ETH/WBTC 0.07107631438674739 wbtc in 1.030153895366535 eth out"
time="2022-02-22T13:29:14+02:00" level=info msg="Sushiswap ETH/WBTC  0.07107631438674739 wbtc in 1.0318759072105825 eth out"
time="2022-02-22T13:29:14+02:00" level=info msg="0.07107631438674739 wbtc in get 1.0318759072105825 eth out"
time="2022-02-22T13:29:14+02:00" level=info msg="results 1 eth in get 1.0318759072105825 eth out"
time="2022-02-22T13:29:25+02:00" level=info msg="bancor ETH/bDIGG 1 eth in 0.43158662079160204 bdigg out"
time="2022-02-22T13:29:25+02:00" level=info msg="Sushiswap ETH/bDIGG 1 eth in 0.430376008451046 bdigg out"
time="2022-02-22T13:29:25+02:00" level=info msg="bDIGG share price 0.18958659215424967"
time="2022-02-22T13:29:25+02:00" level=info msg="Badger 0.43158662079160204 bDIGG in 0.08182303665524827 Digg out "
time="2022-02-22T13:29:25+02:00" level=info msg="Uniswap WBTC/DIGG 0.08182303665524827 digg in 0.07005211634585408  wbtc out"
time="2022-02-22T13:29:25+02:00" level=info msg="Sushiswap WBTC/DIGG 0.08182303665524827 digg in 0.07107631438674739  wbtc out"
time="2022-02-22T13:29:26+02:00" level=info msg="Uniswap ETH/WBTC 0.07107631438674739 wbtc in 1.030153895366535 eth out"
time="2022-02-22T13:29:26+02:00" level=info msg="Sushiswap ETH/WBTC  0.07107631438674739 wbtc in 1.0318759072105825 eth out"
time="2022-02-22T13:29:26+02:00" level=info msg="0.07107631438674739 wbtc in get 1.0318759072105825 eth out"
time="2022-02-22T13:29:26+02:00" level=info msg="results 1 eth in get 1.0318759072105825 eth out"
time="2022-02-22T13:29:36+02:00" level=info msg="bancor ETH/bDIGG 1 eth in 0.43158662079160204 bdigg out"
time="2022-02-22T13:29:36+02:00" level=info msg="Sushiswap ETH/bDIGG 1 eth in 0.430376008451046 bdigg out"
time="2022-02-22T13:29:37+02:00" level=info msg="bDIGG share price 0.18958659215424967"
time="2022-02-22T13:29:37+02:00" level=info msg="Badger 0.43158662079160204 bDIGG in 0.08182303665524827 Digg out "
time="2022-02-22T13:29:37+02:00" level=info msg="Uniswap WBTC/DIGG 0.08182303665524827 digg in 0.07005211634585408  wbtc out"
time="2022-02-22T13:29:37+02:00" level=info msg="Sushiswap WBTC/DIGG 0.08182303665524827 digg in 0.07107631438674739  wbtc out"
time="2022-02-22T13:29:37+02:00" level=info msg="Uniswap ETH/WBTC 0.07107631438674739 wbtc in 1.030153895366535 eth out"
time="2022-02-22T13:29:37+02:00" level=info msg="Sushiswap ETH/WBTC  0.07107631438674739 wbtc in 1.0318759072105825 eth out"
time="2022-02-22T13:29:37+02:00" level=info msg="0.07107631438674739 wbtc in get 1.0318759072105825 eth out"
time="2022-02-22T13:29:37+02:00" level=info msg="results 1 eth in get 1.0318759072105825 eth out"
time="2022-02-22T13:29:48+02:00" level=info msg="bancor ETH/bDIGG 1 eth in 0.43158662079160204 bdigg out"
time="2022-02-22T13:29:48+02:00" level=info msg="Sushiswap ETH/bDIGG 1 eth in 0.430376008451046 bdigg out"
time="2022-02-22T13:29:48+02:00" level=info msg="bDIGG share price 0.18958659215424967"
time="2022-02-22T13:29:48+02:00" level=info msg="Badger 0.43158662079160204 bDIGG in 0.08182303665524827 Digg out "
time="2022-02-22T13:29:49+02:00" level=info msg="Uniswap WBTC/DIGG 0.08182303665524827 digg in 0.07005211634585408  wbtc out"
time="2022-02-22T13:29:49+02:00" level=info msg="Sushiswap WBTC/DIGG 0.08182303665524827 digg in 0.07107631438674739  wbtc out"
time="2022-02-22T13:29:49+02:00" level=info msg="Uniswap ETH/WBTC 0.07107631438674739 wbtc in 1.030153895366535 eth out"
time="2022-02-22T13:29:49+02:00" level=info msg="Sushiswap ETH/WBTC  0.07107631438674739 wbtc in 1.0318759072105825 eth out"
time="2022-02-22T13:29:49+02:00" level=info msg="0.07107631438674739 wbtc in get 1.0318759072105825 eth out"
time="2022-02-22T13:29:49+02:00" level=info msg="results 1 eth in get 1.0318759072105825 eth out"
time="2022-02-22T13:30:00+02:00" level=info msg="bancor ETH/bDIGG 1 eth in 0.43158662079160204 bdigg out"
time="2022-02-22T13:30:00+02:00" level=info msg="Sushiswap ETH/bDIGG 1 eth in 0.430376008451046 bdigg out"
time="2022-02-22T13:30:00+02:00" level=info msg="bDIGG share price 0.18958659215424967"
time="2022-02-22T13:30:00+02:00" level=info msg="Badger 0.43158662079160204 bDIGG in 0.08182303665524827 Digg out "
time="2022-02-22T13:30:01+02:00" level=info msg="Uniswap WBTC/DIGG 0.08182303665524827 digg in 0.07005211634585408  wbtc out"
time="2022-02-22T13:30:01+02:00" level=info msg="Sushiswap WBTC/DIGG 0.08182303665524827 digg in 0.07107631438674739  wbtc out"
time="2022-02-22T13:30:01+02:00" level=info msg="Uniswap ETH/WBTC 0.07107631438674739 wbtc in 1.030153895366535 eth out"
time="2022-02-22T13:30:01+02:00" level=info msg="Sushiswap ETH/WBTC  0.07107631438674739 wbtc in 1.0318759072105825 eth out"
time="2022-02-22T13:30:01+02:00" level=info msg="0.07107631438674739 wbtc in get 1.0318759072105825 eth out"
time="2022-02-22T13:30:01+02:00" level=info msg="results 1 eth in get 1.0318759072105825 eth out"
time="2022-02-22T13:30:09+02:00" level=info msg="bancor ETH/bDIGG 1 eth in 0.43158662079160204 bdigg out"
time="2022-02-22T13:30:09+02:00" level=info msg="Sushiswap ETH/bDIGG 1 eth in 0.430376008451046 bdigg out"
time="2022-02-22T13:30:09+02:00" level=info msg="bDIGG share price 0.18958659215424967"
time="2022-02-22T13:30:09+02:00" level=info msg="Badger 0.43158662079160204 bDIGG in 0.08182303665524827 Digg out "
time="2022-02-22T13:30:09+02:00" level=info msg="Uniswap WBTC/DIGG 0.08182303665524827 digg in 0.07005211634585408  wbtc out"
time="2022-02-22T13:30:09+02:00" level=info msg="Sushiswap WBTC/DIGG 0.08182303665524827 digg in 0.07107631438674739  wbtc out"
time="2022-02-22T13:30:10+02:00" level=info msg="Uniswap ETH/WBTC 0.07107631438674739 wbtc in 1.030153895366535 eth out"
time="2022-02-22T13:30:10+02:00" level=info msg="Sushiswap ETH/WBTC  0.07107631438674739 wbtc in 1.0318759072105825 eth out"
time="2022-02-22T13:30:10+02:00" level=info msg="0.07107631438674739 wbtc in get 1.0318759072105825 eth out"
time="2022-02-22T13:30:10+02:00" level=info msg="results 1 eth in get 1.0318759072105825 eth out"
time="2022-02-22T13:30:10+02:00" level=info msg="found max profit 0.03187590721058253 "
time="2022-02-22T13:30:20+02:00" level=info msg="bancor ETH/bDIGG 1 eth in 0.43158662079160204 bdigg out"
time="2022-02-22T13:30:20+02:00" level=info msg="Sushiswap ETH/bDIGG 1 eth in 0.430376008451046 bdigg out"
time="2022-02-22T13:30:21+02:00" level=info msg="bDIGG share price 0.18958659215424967"
time="2022-02-22T13:30:21+02:00" level=info msg="Badger 0.43158662079160204 bDIGG in 0.08182303665524827 Digg out "
time="2022-02-22T13:30:21+02:00" level=info msg="Uniswap WBTC/DIGG 0.08182303665524827 digg in 0.07005211634585408  wbtc out"
time="2022-02-22T13:30:21+02:00" level=info msg="Sushiswap WBTC/DIGG 0.08182303665524827 digg in 0.07107631438674739  wbtc out"
time="2022-02-22T13:30:21+02:00" level=info msg="Uniswap ETH/WBTC 0.07107631438674739 wbtc in 1.030153895366535 eth out"
time="2022-02-22T13:30:21+02:00" level=info msg="Sushiswap ETH/WBTC  0.07107631438674739 wbtc in 1.0318759072105825 eth out"
time="2022-02-22T13:30:21+02:00" level=info msg="0.07107631438674739 wbtc in get 1.0318759072105825 eth out"
time="2022-02-22T13:30:21+02:00" level=info msg="results 1 eth in get 1.0318759072105825 eth out"
time="2022-02-22T13:30:32+02:00" level=info msg="bancor ETH/bDIGG 1 eth in 0.43158662079160204 bdigg out"
time="2022-02-22T13:30:32+02:00" level=info msg="Sushiswap ETH/bDIGG 1 eth in 0.430376008451046 bdigg out"
time="2022-02-22T13:30:32+02:00" level=info msg="bDIGG share price 0.18958659215424967"
time="2022-02-22T13:30:32+02:00" level=info msg="Badger 0.43158662079160204 bDIGG in 0.08182303665524827 Digg out "
time="2022-02-22T13:30:33+02:00" level=info msg="Uniswap WBTC/DIGG 0.08182303665524827 digg in 0.07005211634585408  wbtc out"
time="2022-02-22T13:30:33+02:00" level=info msg="Sushiswap WBTC/DIGG 0.08182303665524827 digg in 0.07107631438674739  wbtc out"
time="2022-02-22T13:30:33+02:00" level=info msg="Uniswap ETH/WBTC 0.07107631438674739 wbtc in 1.030153895366535 eth out"
time="2022-02-22T13:30:33+02:00" level=info msg="Sushiswap ETH/WBTC  0.07107631438674739 wbtc in 1.0318759072105825 eth out"
time="2022-02-22T13:30:33+02:00" level=info msg="0.07107631438674739 wbtc in get 1.0318759072105825 eth out"
time="2022-02-22T13:30:33+02:00" level=info msg="results 1 eth in get 1.0318759072105825 eth out"
time="2022-02-22T13:30:44+02:00" level=info msg="bancor ETH/bDIGG 1 eth in 0.43158662079160204 bdigg out"
time="2022-02-22T13:30:44+02:00" level=info msg="Sushiswap ETH/bDIGG 1 eth in 0.430376008451046 bdigg out"
time="2022-02-22T13:30:44+02:00" level=info msg="bDIGG share price 0.18958659215424967"
time="2022-02-22T13:30:44+02:00" level=info msg="Badger 0.43158662079160204 bDIGG in 0.08182303665524827 Digg out "
time="2022-02-22T13:30:44+02:00" level=info msg="Uniswap WBTC/DIGG 0.08182303665524827 digg in 0.07005211634585408  wbtc out"
time="2022-02-22T13:30:44+02:00" level=info msg="Sushiswap WBTC/DIGG 0.08182303665524827 digg in 0.07107631438674739  wbtc out"
time="2022-02-22T13:30:45+02:00" level=info msg="Uniswap ETH/WBTC 0.07107631438674739 wbtc in 1.030153895366535 eth out"
time="2022-02-22T13:30:45+02:00" level=info msg="Sushiswap ETH/WBTC  0.07107631438674739 wbtc in 1.0318759072105825 eth out"
time="2022-02-22T13:30:45+02:00" level=info msg="0.07107631438674739 wbtc in get 1.0318759072105825 eth out"
time="2022-02-22T13:30:45+02:00" level=info msg="results 1 eth in get 1.0318759072105825 eth out"
time="2022-02-22T13:30:55+02:00" level=info msg="bancor ETH/bDIGG 1 eth in 0.43158662079160204 bdigg out"
time="2022-02-22T13:30:55+02:00" level=info msg="Sushiswap ETH/bDIGG 1 eth in 0.430376008451046 bdigg out"
time="2022-02-22T13:30:55+02:00" level=info msg="bDIGG share price 0.18958659215424967"
time="2022-02-22T13:30:55+02:00" level=info msg="Badger 0.43158662079160204 bDIGG in 0.08182303665524827 Digg out "
time="2022-02-22T13:30:56+02:00" level=info msg="Uniswap WBTC/DIGG 0.08182303665524827 digg in 0.07005211634585408  wbtc out"
time="2022-02-22T13:30:56+02:00" level=info msg="Sushiswap WBTC/DIGG 0.08182303665524827 digg in 0.07107631438674739  wbtc out"
time="2022-02-22T13:30:56+02:00" level=info msg="Uniswap ETH/WBTC 0.07107631438674739 wbtc in 1.030153895366535 eth out"
time="2022-02-22T13:30:56+02:00" level=info msg="Sushiswap ETH/WBTC  0.07107631438674739 wbtc in 1.0318759072105825 eth out"
time="2022-02-22T13:30:56+02:00" level=info msg="0.07107631438674739 wbtc in get 1.0318759072105825 eth out"
time="2022-02-22T13:30:56+02:00" level=info msg="results 1 eth in get 1.0318759072105825 eth out"
time="2022-02-22T13:31:07+02:00" level=info msg="bancor ETH/bDIGG 1 eth in 0.43158662079160204 bdigg out"
time="2022-02-22T13:31:07+02:00" level=info msg="Sushiswap ETH/bDIGG 1 eth in 0.430376008451046 bdigg out"
time="2022-02-22T13:31:07+02:00" level=info msg="bDIGG share price 0.18958659215424967"
time="2022-02-22T13:31:07+02:00" level=info msg="Badger 0.43158662079160204 bDIGG in 0.08182303665524827 Digg out "
time="2022-02-22T13:31:07+02:00" level=info msg="Uniswap WBTC/DIGG 0.08182303665524827 digg in 0.07005211634585408  wbtc out"
time="2022-02-22T13:31:07+02:00" level=info msg="Sushiswap WBTC/DIGG 0.08182303665524827 digg in 0.07107631438674739  wbtc out"
time="2022-02-22T13:31:08+02:00" level=info msg="Uniswap ETH/WBTC 0.07107631438674739 wbtc in 1.030153895366535 eth out"
time="2022-02-22T13:31:08+02:00" level=info msg="Sushiswap ETH/WBTC  0.07107631438674739 wbtc in 1.0318759072105825 eth out"
time="2022-02-22T13:31:08+02:00" level=info msg="0.07107631438674739 wbtc in get 1.0318759072105825 eth out"
time="2022-02-22T13:31:08+02:00" level=info msg="results 1 eth in get 1.0318759072105825 eth out"
time="2022-02-22T13:31:18+02:00" level=info msg="bancor ETH/bDIGG 1 eth in 0.43158662079160204 bdigg out"
time="2022-02-22T13:31:18+02:00" level=info msg="Sushiswap ETH/bDIGG 1 eth in 0.430376008451046 bdigg out"
time="2022-02-22T13:31:19+02:00" level=info msg="bDIGG share price 0.18958659215424967"
time="2022-02-22T13:31:19+02:00" level=info msg="Badger 0.43158662079160204 bDIGG in 0.08182303665524827 Digg out "
time="2022-02-22T13:31:19+02:00" level=info msg="Uniswap WBTC/DIGG 0.08182303665524827 digg in 0.07005211634585408  wbtc out"
time="2022-02-22T13:31:19+02:00" level=info msg="Sushiswap WBTC/DIGG 0.08182303665524827 digg in 0.07107631438674739  wbtc out"
time="2022-02-22T13:31:19+02:00" level=info msg="Uniswap ETH/WBTC 0.07107631438674739 wbtc in 1.030153895366535 eth out"
time="2022-02-22T13:31:19+02:00" level=info msg="Sushiswap ETH/WBTC  0.07107631438674739 wbtc in 1.0318759072105825 eth out"
time="2022-02-22T13:31:19+02:00" level=info msg="0.07107631438674739 wbtc in get 1.0318759072105825 eth out"
time="2022-02-22T13:31:19+02:00" level=info msg="results 1 eth in get 1.0318759072105825 eth out"
time="2022-02-22T13:31:30+02:00" level=info msg="bancor ETH/bDIGG 1 eth in 0.43158662079160204 bdigg out"
time="2022-02-22T13:31:30+02:00" level=info msg="Sushiswap ETH/bDIGG 1 eth in 0.430376008451046 bdigg out"
time="2022-02-22T13:31:30+02:00" level=info msg="bDIGG share price 0.18958659215424967"
time="2022-02-22T13:31:30+02:00" level=info msg="Badger 0.43158662079160204 bDIGG in 0.08182303665524827 Digg out "
time="2022-02-22T13:31:31+02:00" level=info msg="Uniswap WBTC/DIGG 0.08182303665524827 digg in 0.07005211634585408  wbtc out"
time="2022-02-22T13:31:31+02:00" level=info msg="Sushiswap WBTC/DIGG 0.08182303665524827 digg in 0.07107631438674739  wbtc out"
time="2022-02-22T13:31:31+02:00" level=info msg="Uniswap ETH/WBTC 0.07107631438674739 wbtc in 1.030153895366535 eth out"
time="2022-02-22T13:31:31+02:00" level=info msg="Sushiswap ETH/WBTC  0.07107631438674739 wbtc in 1.0318759072105825 eth out"
time="2022-02-22T13:31:31+02:00" level=info msg="0.07107631438674739 wbtc in get 1.0318759072105825 eth out"
time="2022-02-22T13:31:31+02:00" level=info msg="results 1 eth in get 1.0318759072105825 eth out"
